c:\users\marcc\documents\hku\blok 4\kernmodule game development - game dev++\eindopdracht\eindopdracht_v1\eindopdracht_v1\release\vc143.pdb
c:\users\marcc\documents\hku\blok 4\kernmodule game development - game dev++\eindopdracht\eindopdracht_v1\eindopdracht_v1\release\player.obj
c:\users\marcc\documents\hku\blok 4\kernmodule game development - game dev++\eindopdracht\eindopdracht_v1\eindopdracht_v1\release\main.obj
c:\users\marcc\documents\hku\blok 4\kernmodule game development - game dev++\eindopdracht\eindopdracht_v1\eindopdracht_v1\release\vector2d.obj
c:\users\marcc\documents\hku\blok 4\kernmodule game development - game dev++\eindopdracht\eindopdracht_v1\eindopdracht_v1\release\rigidbody.obj
c:\users\marcc\documents\hku\blok 4\kernmodule game development - game dev++\eindopdracht\eindopdracht_v1\eindopdracht_v1\release\car.obj
c:\users\marcc\documents\hku\blok 4\kernmodule game development - game dev++\eindopdracht\eindopdracht_v1\eindopdracht_v1\release\winscreen.obj
c:\users\marcc\documents\hku\blok 4\kernmodule game development - game dev++\eindopdracht\eindopdracht_v1\eindopdracht_v1\release\gamemanager.obj
c:\users\marcc\documents\hku\blok 4\kernmodule game development - game dev++\eindopdracht\eindopdracht_v1\eindopdracht_v1\release\losescreen.obj
c:\users\marcc\documents\hku\blok 4\kernmodule game development - game dev++\eindopdracht\eindopdracht_v1\eindopdracht_v1\release\startscreen.obj
c:\users\marcc\documents\hku\blok 4\kernmodule game development - game dev++\eindopdracht\eindopdracht_v1\release\eindopdracht_v1.exe
c:\users\marcc\documents\hku\blok 4\kernmodule game development - game dev++\eindopdracht\eindopdracht_v1\eindopdracht_v1\release\eindopdracht_v1.ipdb
c:\users\marcc\documents\hku\blok 4\kernmodule game development - game dev++\eindopdracht\eindopdracht_v1\eindopdracht_v1\release\eindopdracht_v1.iobj
c:\users\marcc\documents\hku\blok 4\kernmodule game development - game dev++\eindopdracht\eindopdracht_v1\release\eindopdracht_v1.pdb
c:\users\marcc\documents\hku\blok 4\kernmodule game development - game dev++\eindopdracht\eindopdracht_v1\eindopdracht_v1\release\eindopdracht_v1.tlog\cl.command.1.tlog
c:\users\marcc\documents\hku\blok 4\kernmodule game development - game dev++\eindopdracht\eindopdracht_v1\eindopdracht_v1\release\eindopdracht_v1.tlog\cl.read.1.tlog
c:\users\marcc\documents\hku\blok 4\kernmodule game development - game dev++\eindopdracht\eindopdracht_v1\eindopdracht_v1\release\eindopdracht_v1.tlog\cl.write.1.tlog
c:\users\marcc\documents\hku\blok 4\kernmodule game development - game dev++\eindopdracht\eindopdracht_v1\eindopdracht_v1\release\eindopdracht_v1.tlog\link.command.1.tlog
c:\users\marcc\documents\hku\blok 4\kernmodule game development - game dev++\eindopdracht\eindopdracht_v1\eindopdracht_v1\release\eindopdracht_v1.tlog\link.read.1.tlog
c:\users\marcc\documents\hku\blok 4\kernmodule game development - game dev++\eindopdracht\eindopdracht_v1\eindopdracht_v1\release\eindopdracht_v1.tlog\link.write.1.tlog
